nohup: no se tendrá en cuenta la entrada
Iniciando extracción para el paquete:  0
Iniciando extracción para el paquete:  0-0
Iniciando extracción para el paquete:  000
Iniciando extracción para el paquete:  0-0-1
Iniciando extracción para el paquete:  00101s
Iniciando extracción para el paquete:  00print-lol
Iniciando extracción para el paquete:  00smalinux
Iniciando extracción para el paquete:  00-viet-nam-on-top-00
Iniciando extracción para el paquete:  0101
Iniciando extracción para el paquete:  01changer
Iniciando extracción para el paquete:  01d61084-d29e-11e9-96d1-7c5cf84ffe8e
Iniciando extracción para el paquete:  01-distributions
Iniciando extracción para el paquete:  01memories
Iniciando extracción para el paquete:  01os
Iniciando extracción para el paquete:  021
Iniciando extracción para el paquete:  024travis-test024
Iniciando extracción para el paquete:  02exercicio
Iniciando extracción para el paquete:  0411-test
Iniciando extracción para el paquete:  0-618
Iniciando extracción para el paquete:  0-67-0
Iniciando extracción para el paquete:  0706xiaoye
Iniciando extracción para el paquete:  0805nexter
Iniciando extracción para el paquete:  090807040506030201testpip
Iniciando extracción para el paquete:  0-core-client
Iniciando extracción para el paquete:  0fdb5604
Iniciando extracción para el paquete:  0fela
Iniciando extracción para el paquete:  0html
Iniciando extracción para el paquete:  0imap
Iniciando extracción para el paquete:  0lever-so
Iniciando extracción para el paquete:  0lever-utils
Iniciando extracción para el paquete:  0-orchestrator
Iniciando extracción para el paquete:  0proto
Iniciando extracción para el paquete:  0rest
Iniciando extracción para el paquete:  0rss
Iniciando extracción para el paquete:  0sql
Iniciando extracción para el paquete:  0wdg9nbmpm
Iniciando extracción para el paquete:  0wneg
Iniciando extracción para el paquete:  0x01-autocert-dns-aliyun
Iniciando extracción para el paquete:  0x01-cubic-sdk
Iniciando extracción para el paquete:  0x01-letsencrypt
Iniciando extracción para el paquete:  0x0-python
Iniciando extracción para el paquete:  0x10c-asm
Iniciando extracción para el paquete:  0x20bf
Iniciando extracción para el paquete:  0x2nac0nda
Iniciando extracción para el paquete:  0xble-utils
Iniciando extracción para el paquete:  0x-contract-addresses
Iniciando extracción para el paquete:  0x-contract-artifacts
Iniciando extracción para el paquete:  0x-contract-wrappers
Iniciando extracción para el paquete:  0xdirsan
Iniciando extracción para el paquete:  0xf0f-codenode
Iniciando extracción para el paquete:  0xibra-scann
Iniciando extracción para el paquete:  0x-json-schemas
Iniciando extracción para el paquete:  0x-middlewares
Iniciando extracción para el paquete:  0xmpp
Iniciando extracción para el paquete:  0x-order-utils
Iniciando extracción para el paquete:  0x-python
Iniciando extracción para el paquete:  0x-sra-client
Iniciando extracción para el paquete:  0x-web3
Iniciando extracción para el paquete:  1
Iniciando extracción para el paquete:  100bot
Iniciando extracción para el paquete:  100-python-projects
Iniciando extracción para el paquete:  1011903677-siddharth-topsis
Iniciando extracción para el paquete:  101703048-topsis
Iniciando extracción para el paquete:  101703072-handle-missing
Iniciando extracción para el paquete:  101703087-missing-values
Iniciando extracción para el paquete:  101703087-outlier
Iniciando extracción para el paquete:  101703087-topsis
Iniciando extracción para el paquete:  101703088-outlier
Iniciando extracción para el paquete:  101703088-topsis
Iniciando extracción para el paquete:  101703105
Iniciando extracción para el paquete:  101703196-topsis
Iniciando extracción para el paquete:  101703214-assign1-ucs633
Iniciando extracción para el paquete:  101703235-missing-val
Iniciando extracción para el paquete:  101703272-missing-val
Iniciando extracción para el paquete:  101703301-project1-topsis
Iniciando extracción para el paquete:  101703301-project2
Iniciando extracción para el paquete:  101703301-project3
Iniciando extracción para el paquete:  101703311-missing-data
Iniciando extracción para el paquete:  101703311-outliers
Iniciando extracción para el paquete:  101703312-outlierremoval
Iniciando extracción para el paquete:  101703322-missing-val
Iniciando extracción para el paquete:  101703373-outlier
Iniciando extracción para el paquete:  101703373-topsis
Iniciando extracción para el paquete:  101703375-p2
Iniciando extracción para el paquete:  101703378-project2
Iniciando extracción para el paquete:  101703381-outlier
Iniciando extracción para el paquete:  101703383-python-package2
Iniciando extracción para el paquete:  101703476-samiksha
Iniciando extracción para el paquete:  101703488-sargun
Iniciando extracción para el paquete:  101703549-missing-val
Iniciando extracción para el paquete:  101703573-missing-pkg-suruchipundir
Iniciando extracción para el paquete:  101703573-outlier-pkg-suruchipundir
Iniciando extracción para el paquete:  101703573-topsis-pkg-suruchipundir
Iniciando extracción para el paquete:  101703604-topsis
Iniciando extracción para el paquete:  101903117-shivam-singal
Iniciando extracción para el paquete:  101903140
Iniciando extracción para el paquete:  101903683-kunal-topsis
Iniciando extracción para el paquete:  101903688
Iniciando extracción para el paquete:  101903697-topsis-code
Iniciando extracción para el paquete:  101903700-topsis-code
Iniciando extracción para el paquete:  
